<?xml version="1.0" encoding="utf-8"?><testsuites name="pytest tests"><testsuite name="pytest" errors="0" failures="0" skipped="0" tests="19" time="3.170" timestamp="2026-08-31T03:01:02.573674+00:00" hostname="agent-env-20147c31-a4c1-49bc-bd3b-f3fc28258788"><testcase classname="tests.test_new_features.TestAuthRequired" name="test_401[/action-center]" time="0.355" /><testcase classname="tests.test_new_features.TestHealthBreakdown" name="test_shape" time="0.527" /><testcase classname="tests.test_new_features.TestAuthRequired" name="test_401[/health-score/breakdown]" time="0.119" /><testcase classname="tests.test_new_features.TestAuthRequired" name="test_401[/emergency-fund]" time="0.105" /><testcase classname="tests.test_new_features.TestHealthBreakdown" name="test_old_health_score_still_works" time="0.159" /><testcase classname="tests.test_new_features.TestAuthRequired" name="test_401[/networth]" time="0.101" /><testcase classname="tests.test_new_features.TestAuthRequired" name="test_401[/alerts]" time="0.101" /><testcase classname="tests.test_new_features.TestEmergencyFund" name="test_default" time="0.126" /><testcase classname="tests.test_new_features.TestAuthRequired" name="test_401[/goals-autopilot]" time="0.105" /><testcase classname="tests.test_new_features.TestEmergencyFund" name="test_months_param_changes_recommended" time="0.519" /><testcase classname="tests.test_new_features.TestAuthRequired" name="test_401[/recap/weekly]" time="0.102" /><testcase classname="tests.test_new_features.TestGoalsAutopilot" name="test_list" time="0.452" /><testcase classname="tests.test_new_features.TestNetWorth" name="test_shape" time="0.101" /><testcase classname="tests.test_new_features.TestNetWorth" name="test_asset_crud" time="0.779" /><testcase classname="tests.test_new_features.TestGoalsAutopilot" name="test_patch_autopilot_and_sip_link" time="0.581" /><testcase classname="tests.test_new_features.TestRecap" name="test_shape" time="0.110" /><testcase classname="tests.test_new_features.TestRecap" name="test_contribution_increases_saved" time="0.524" /><testcase classname="tests.test_new_features.TestActionCenter" name="test_shape_and_sort" time="0.109" /><testcase classname="tests.test_new_features.TestAlerts" name="test_shape" time="0.101" /></testsuite></testsuites>