<?xml version="1.0" encoding="utf-8"?><testsuites name="pytest tests"><testsuite name="pytest" errors="0" failures="1" skipped="0" tests="15" time="3.842" timestamp="2026-08-31T02:24:25.981452+00:00" hostname="agent-env-20147c31-a4c1-49bc-bd3b-f3fc28258788"><testcase classname="tests.test_investments.TestAuthRequired" name="test_unauth_401[/investments/summary]" time="0.284" /><testcase classname="tests.test_investments.TestAuthRequired" name="test_unauth_401[/investments/holdings]" time="0.261" /><testcase classname="tests.test_investments.TestRegression" name="test_endpoints_ok[/auth/me]" time="0.683" /><testcase classname="tests.test_investments.TestAuthRequired" name="test_unauth_401[/investments/sips]" time="0.179" /><testcase classname="tests.test_investments.TestRegression" name="test_endpoints_ok[/expenses]" time="0.114" /><testcase classname="tests.test_investments.TestAuthRequired" name="test_unauth_401[/investments/projection]" time="0.104" /><testcase classname="tests.test_investments.TestRegression" name="test_endpoints_ok[/budgets]" time="0.381" /><testcase classname="tests.test_investments.TestHoldings" name="test_list_seeded" time="0.447" /><testcase classname="tests.test_investments.TestRegression" name="test_endpoints_ok[/insights/summary]" time="0.166"><failure message="AssertionError: /insights/summary =&gt; 404 {&quot;detail&quot;:&quot;Not Found&quot;}&#10;assert 404 == 200&#10; +  where 404 = &lt;Response [404]&gt;.status_code">backend/tests/test_investments.py:151: in test_endpoints_ok
    assert r.status_code == 200, f"{path} =&gt; {r.status_code} {r.text[:200]}"
E   AssertionError: /insights/summary =&gt; 404 {"detail":"Not Found"}
E   assert 404 == 200
E    +  where 404 = &lt;Response [404]&gt;.status_code</failure></testcase><testcase classname="tests.test_investments.TestHoldings" name="test_create_delete_holding" time="0.603" /><testcase classname="tests.test_investments.TestSummary" name="test_summary_shape" time="0.130" /><testcase classname="tests.test_investments.TestSummary" name="test_projection" time="0.121" /><testcase classname="tests.test_investments.TestHoldings" name="test_holding_validation" time="0.138" /><testcase classname="tests.test_investments.TestSIPs" name="test_list_seeded" time="0.148" /><testcase classname="tests.test_investments.TestSIPs" name="test_create_toggle_delete" time="0.791" /></testsuite></testsuites>