<?xml version="1.0" encoding="utf-8"?><testsuites name="pytest tests"><testsuite name="pytest" errors="0" failures="0" skipped="0" tests="5" time="3.302" timestamp="2026-08-31T07:26:37.659307+00:00" hostname="agent-env-20147c31-a4c1-49bc-bd3b-f3fc28258788"><testcase classname="tests.test_regression_polish.TestAuthMe" name="test_me" time="0.471" /><testcase classname="tests.test_regression_polish.TestExpensesCrudPatch" name="test_add_edit_delete_expense" time="0.430" /><testcase classname="tests.test_regression_polish.TestExpensesFilters" name="test_filter_q_type_category_daterange" time="1.145" /><testcase classname="tests.test_regression_polish.TestIncomeExclusion" name="test_income_not_in_budget_spent_or_health_month_spend" time="0.713" /><testcase classname="tests.test_regression_polish.TestMePatch" name="test_patch_name_currency_notif" time="0.500" /></testsuite></testsuites>